warning: captrack-pgo-instrument: wrapping `Vec` for telemetry profiling
  --> $DIR/instrument.rs:26:14
   |
LL |     let _v = Vec::<u8>::new();
   |              ^^^^^^^^^^^^^^^^ help: instrument with TrackedX::wrap_from: `::captrack::TrackedVec::<_>::wrap_from(Vec::<u8>::new(), "auto:$DIR/instrument.rs:26:14", file!(), line!(), column!())`
   |
   = note: `#[warn(captrack_pgo_instrument)]` on by default

warning: captrack-pgo-instrument: wrapping `Vec` for telemetry profiling
  --> $DIR/instrument.rs:29:15
   |
LL |     let _v2 = Vec::<u8>::with_capacity(8);
   |               ^^^^^^^^^^^^^^^^^^^^^^^^^^^ help: instrument with TrackedX::wrap_from: `::captrack::TrackedVec::<_>::wrap_from(Vec::<u8>::with_capacity(8), "auto:$DIR/instrument.rs:29:15", file!(), line!(), column!())`

warning: captrack-pgo-instrument: wrapping `HashMap` for telemetry profiling
  --> $DIR/instrument.rs:32:14
   |
LL |     let _m = HashMap::<u8, u8>::new();
   |              ^^^^^^^^^^^^^^^^^^^^^^^^ help: instrument with TrackedX::wrap_from: `::captrack::TrackedHashMap::<_, _>::wrap_from(HashMap::<u8, u8>::new(), "auto:$DIR/instrument.rs:32:14", file!(), line!(), column!())`

warning: captrack-pgo-instrument: wrapping `BTreeMap` for telemetry profiling
  --> $DIR/instrument.rs:35:14
   |
LL |     let _b = BTreeMap::<u8, u8>::new();
   |              ^^^^^^^^^^^^^^^^^^^^^^^^^ help: instrument with TrackedX::wrap_from: `::captrack::TrackedBTreeMap::<_, _>::wrap_from(BTreeMap::<u8, u8>::new(), "auto:$DIR/instrument.rs:35:14", file!(), line!(), column!())`

warning: 4 warnings emitted

